Determining if the pthread_create exist failed with the following output:
Change Dir: /home/ffy/sylar/build/CMakeFiles/CMakeTmp

Run Build Command:"/usr/bin/make" "cmTC_eba3e/fast"
/usr/bin/make -f CMakeFiles/cmTC_eba3e.dir/build.make CMakeFiles/cmTC_eba3e.dir/build
make[1]: Entering directory '/home/ffy/sylar/build/CMakeFiles/CMakeTmp'
Building C object CMakeFiles/cmTC_eba3e.dir/CheckSymbolExists.c.o
/usr/bin/gcc    -o CMakeFiles/cmTC_eba3e.dir/CheckSymbolExists.c.o   -c /home/ffy/sylar/build/CMakeFiles/CMakeTmp/CheckSymbolExists.c
Linking C executable cmTC_eba3e
/usr/bin/cmake -E cmake_link_script CMakeFiles/cmTC_eba3e.dir/link.txt --verbose=1
/usr/bin/gcc      -rdynamic CMakeFiles/cmTC_eba3e.dir/CheckSymbolExists.c.o  -o cmTC_eba3e 
CMakeFiles/cmTC_eba3e.dir/CheckSymbolExists.c.o: In function `main':
CheckSymbolExists.c:(.text+0x1b): undefined reference to `pthread_create'
collect2: error: ld returned 1 exit status
CMakeFiles/cmTC_eba3e.dir/build.make:97: recipe for target 'cmTC_eba3e' failed
make[1]: *** [cmTC_eba3e] Error 1
make[1]: Leaving directory '/home/ffy/sylar/build/CMakeFiles/CMakeTmp'
Makefile:126: recipe for target 'cmTC_eba3e/fast' failed
make: *** [cmTC_eba3e/fast] Error 2

File /home/ffy/sylar/build/CMakeFiles/CMakeTmp/CheckSymbolExists.c:
/* */
#include <pthread.h>

int main(int argc, char** argv)
{
  (void)argv;
#ifndef pthread_create
  return ((int*)(&pthread_create))[argc];
#else
  (void)argc;
  return 0;
#endif
}

Determining if the function pthread_create exists in the pthreads failed with the following output:
Change Dir: /home/ffy/sylar/build/CMakeFiles/CMakeTmp

Run Build Command:"/usr/bin/make" "cmTC_0cc84/fast"
/usr/bin/make -f CMakeFiles/cmTC_0cc84.dir/build.make CMakeFiles/cmTC_0cc84.dir/build
make[1]: Entering directory '/home/ffy/sylar/build/CMakeFiles/CMakeTmp'
Building C object CMakeFiles/cmTC_0cc84.dir/CheckFunctionExists.c.o
/usr/bin/gcc   -DCHECK_FUNCTION_EXISTS=pthread_create   -o CMakeFiles/cmTC_0cc84.dir/CheckFunctionExists.c.o   -c /usr/share/cmake-3.10/Modules/CheckFunctionExists.c
Linking C executable cmTC_0cc84
/usr/bin/cmake -E cmake_link_script CMakeFiles/cmTC_0cc84.dir/link.txt --verbose=1
/usr/bin/gcc  -DCHECK_FUNCTION_EXISTS=pthread_create    -rdynamic CMakeFiles/cmTC_0cc84.dir/CheckFunctionExists.c.o  -o cmTC_0cc84 -lpthreads 
/usr/bin/ld: cannot find -lpthreads
collect2: error: ld returned 1 exit status
CMakeFiles/cmTC_0cc84.dir/build.make:97: recipe for target 'cmTC_0cc84' failed
make[1]: *** [cmTC_0cc84] Error 1
make[1]: Leaving directory '/home/ffy/sylar/build/CMakeFiles/CMakeTmp'
Makefile:126: recipe for target 'cmTC_0cc84/fast' failed
make: *** [cmTC_0cc84/fast] Error 2


